

Microchip MPLAB XC8 Assembler V2.32 build 20210201212658 
                                                                                               Sat Jul 24 09:29:56 2021

Microchip MPLAB XC8 C Compiler v2.32 (Free license) build 20210201212658 Og1 
     1                           	processor	16F15324
     2                           	pagewidth 120
     3                           	opt	flic
     4                           	psect	cinit,global,class=CODE,merge=1,delta=2
     5                           	psect	cstackCOMMON,global,class=COMMON,space=1,delta=1,noexec
     6                           	psect	maintext,global,class=CODE,merge=1,split=1,delta=2
     7                           	psect	text1,local,class=CODE,merge=1,delta=2
     8                           	psect	text2,local,class=CODE,merge=1,delta=2
     9                           	psect	text3,local,class=CODE,merge=1,delta=2
    10                           	psect	text4,local,class=CODE,merge=1,delta=2
    11                           	psect	config,global,abs,ovrld,class=CONFIG,space=4,delta=2,noexec
    12                           	dabs	1,0x7E,2
    13  0000                     
    14                           ; Version 2.35
    15                           ; Generated 13/04/2021 GMT
    16                           ; 
    17                           ; Copyright © 2021, Microchip Technology Inc. and its subsidiaries ("Microchip")
    18                           ; All rights reserved.
    19                           ; 
    20                           ; This software is developed by Microchip Technology Inc. and its subsidiaries ("Microch
      +                          ip").
    21                           ; 
    22                           ; Redistribution and use in source and binary forms, with or without modification, are
    23                           ; permitted provided that the following conditions are met:
    24                           ; 
    25                           ;     1. Redistributions of source code must retain the above copyright notice, this lis
      +                          t of
    26                           ;        conditions and the following disclaimer.
    27                           ; 
    28                           ;     2. Redistributions in binary form must reproduce the above copyright notice, this 
      +                          list
    29                           ;        of conditions and the following disclaimer in the documentation and/or other
    30                           ;        materials provided with the distribution. Publication is not required when
    31                           ;        this file is used in an embedded application.
    32                           ; 
    33                           ;     3. Microchip's name may not be used to endorse or promote products derived from th
      +                          is
    34                           ;        software without specific prior written permission.
    35                           ; 
    36                           ; THIS SOFTWARE IS PROVIDED BY MICROCHIP "AS IS" AND ANY EXPRESS OR IMPLIED WARRANTIES,
    37                           ; INCLUDING, BUT NOT LIMITED TO, THE IMPLIED WARRANTIES OF MERCHANTABILITY AND FITNESS F
      +                          OR
    38                           ; PURPOSE ARE DISCLAIMED.  IN NO EVENT SHALL MICROCHIP BE LIABLE FOR ANY DIRECT, INDIREC
      +                          T,
    39                           ; INCIDENTAL, SPECIAL, EXEMPLARY, OR CONSEQUENTIAL DAMAGES (INCLUDING BUT NOT LIMITED TO
    40                           ; PROCUREMENT OF SUBSTITUTE GOODS OR SERVICES; LOSS OF USE, DATA OR PROFITS; OR BUSINESS
    41                           ; INTERRUPTION) HOWSOEVER CAUSED AND ON ANY THEORY OF LIABILITY, WHETHER IN CONTRACT, ST
      +                          RICT
    42                           ; LIABILITY, OR TORT (INCLUDING NEGLIGENCE OR OTHERWISE) ARISING IN ANY WAY OUT OF THE U
      +                          SE OF
    43                           ; THIS SOFTWARE, EVEN IF ADVISED OF THE POSSIBILITY OF SUCH DAMAGE.
    44                           ; 
    45                           ; 
    46                           ; Code-generator required, PIC16F15324 Definitions
    47                           ; 
    48                           ; SFR Addresses
    49  0000                     	;# 
    50  0001                     	;# 
    51  0002                     	;# 
    52  0003                     	;# 
    53  0004                     	;# 
    54  0005                     	;# 
    55  0006                     	;# 
    56  0007                     	;# 
    57  0008                     	;# 
    58  0009                     	;# 
    59  000A                     	;# 
    60  000B                     	;# 
    61  000C                     	;# 
    62  000E                     	;# 
    63  0012                     	;# 
    64  0014                     	;# 
    65  0018                     	;# 
    66  001A                     	;# 
    67  009B                     	;# 
    68  009B                     	;# 
    69  009C                     	;# 
    70  009D                     	;# 
    71  009E                     	;# 
    72  009F                     	;# 
    73  0119                     	;# 
    74  0119                     	;# 
    75  0119                     	;# 
    76  011A                     	;# 
    77  011A                     	;# 
    78  011A                     	;# 
    79  011B                     	;# 
    80  011B                     	;# 
    81  011B                     	;# 
    82  011B                     	;# 
    83  011B                     	;# 
    84  011C                     	;# 
    85  011C                     	;# 
    86  011C                     	;# 
    87  011D                     	;# 
    88  011D                     	;# 
    89  011D                     	;# 
    90  011E                     	;# 
    91  011E                     	;# 
    92  011E                     	;# 
    93  011F                     	;# 
    94  011F                     	;# 
    95  011F                     	;# 
    96  011F                     	;# 
    97  011F                     	;# 
    98  018C                     	;# 
    99  018D                     	;# 
   100  018E                     	;# 
   101  018F                     	;# 
   102  0190                     	;# 
   103  0191                     	;# 
   104  0192                     	;# 
   105  020C                     	;# 
   106  020C                     	;# 
   107  020D                     	;# 
   108  020E                     	;# 
   109  020F                     	;# 
   110  020F                     	;# 
   111  0210                     	;# 
   112  0210                     	;# 
   113  0211                     	;# 
   114  0211                     	;# 
   115  028C                     	;# 
   116  028C                     	;# 
   117  028D                     	;# 
   118  028D                     	;# 
   119  028E                     	;# 
   120  028F                     	;# 
   121  0290                     	;# 
   122  0291                     	;# 
   123  030C                     	;# 
   124  030C                     	;# 
   125  030D                     	;# 
   126  030E                     	;# 
   127  030F                     	;# 
   128  0310                     	;# 
   129  0310                     	;# 
   130  0311                     	;# 
   131  0312                     	;# 
   132  0313                     	;# 
   133  0314                     	;# 
   134  0314                     	;# 
   135  0315                     	;# 
   136  0316                     	;# 
   137  0318                     	;# 
   138  0318                     	;# 
   139  0319                     	;# 
   140  031A                     	;# 
   141  031C                     	;# 
   142  031C                     	;# 
   143  031D                     	;# 
   144  031E                     	;# 
   145  038C                     	;# 
   146  038C                     	;# 
   147  038D                     	;# 
   148  038E                     	;# 
   149  058C                     	;# 
   150  058C                     	;# 
   151  058D                     	;# 
   152  058E                     	;# 
   153  058F                     	;# 
   154  058F                     	;# 
   155  0590                     	;# 
   156  0591                     	;# 
   157  0592                     	;# 
   158  0593                     	;# 
   159  059C                     	;# 
   160  059C                     	;# 
   161  059D                     	;# 
   162  059D                     	;# 
   163  059E                     	;# 
   164  059F                     	;# 
   165  060C                     	;# 
   166  060D                     	;# 
   167  060E                     	;# 
   168  060F                     	;# 
   169  0610                     	;# 
   170  0611                     	;# 
   171  0612                     	;# 
   172  0613                     	;# 
   173  0614                     	;# 
   174  070C                     	;# 
   175  070D                     	;# 
   176  070E                     	;# 
   177  070F                     	;# 
   178  0710                     	;# 
   179  0711                     	;# 
   180  0712                     	;# 
   181  0713                     	;# 
   182  0716                     	;# 
   183  0717                     	;# 
   184  0718                     	;# 
   185  0719                     	;# 
   186  071A                     	;# 
   187  071B                     	;# 
   188  071C                     	;# 
   189  071D                     	;# 
   190  0796                     	;# 
   191  0797                     	;# 
   192  0798                     	;# 
   193  0799                     	;# 
   194  079A                     	;# 
   195  079B                     	;# 
   196  080C                     	;# 
   197  080D                     	;# 
   198  080E                     	;# 
   199  080F                     	;# 
   200  0810                     	;# 
   201  0811                     	;# 
   202  0812                     	;# 
   203  0813                     	;# 
   204  0814                     	;# 
   205  081A                     	;# 
   206  081A                     	;# 
   207  081B                     	;# 
   208  081C                     	;# 
   209  081C                     	;# 
   210  081D                     	;# 
   211  081E                     	;# 
   212  081F                     	;# 
   213  088C                     	;# 
   214  088D                     	;# 
   215  088E                     	;# 
   216  088F                     	;# 
   217  0890                     	;# 
   218  0891                     	;# 
   219  0892                     	;# 
   220  0893                     	;# 
   221  0895                     	;# 
   222  0896                     	;# 
   223  090C                     	;# 
   224  090E                     	;# 
   225  090F                     	;# 
   226  091F                     	;# 
   227  098F                     	;# 
   228  098F                     	;# 
   229  0990                     	;# 
   230  0991                     	;# 
   231  0992                     	;# 
   232  0993                     	;# 
   233  0994                     	;# 
   234  0995                     	;# 
   235  0996                     	;# 
   236  0997                     	;# 
   237  0A19                     	;# 
   238  0A19                     	;# 
   239  0A1A                     	;# 
   240  0A1A                     	;# 
   241  0A1B                     	;# 
   242  0A1B                     	;# 
   243  0A1B                     	;# 
   244  0A1C                     	;# 
   245  0A1C                     	;# 
   246  0A1D                     	;# 
   247  0A1D                     	;# 
   248  0A1E                     	;# 
   249  0A1E                     	;# 
   250  0A1F                     	;# 
   251  0A1F                     	;# 
   252  0A1F                     	;# 
   253  1E0F                     	;# 
   254  1E10                     	;# 
   255  1E11                     	;# 
   256  1E12                     	;# 
   257  1E13                     	;# 
   258  1E14                     	;# 
   259  1E15                     	;# 
   260  1E16                     	;# 
   261  1E17                     	;# 
   262  1E18                     	;# 
   263  1E19                     	;# 
   264  1E1A                     	;# 
   265  1E1B                     	;# 
   266  1E1C                     	;# 
   267  1E1D                     	;# 
   268  1E1E                     	;# 
   269  1E1F                     	;# 
   270  1E20                     	;# 
   271  1E21                     	;# 
   272  1E22                     	;# 
   273  1E23                     	;# 
   274  1E24                     	;# 
   275  1E25                     	;# 
   276  1E26                     	;# 
   277  1E27                     	;# 
   278  1E28                     	;# 
   279  1E29                     	;# 
   280  1E2A                     	;# 
   281  1E2B                     	;# 
   282  1E2C                     	;# 
   283  1E2D                     	;# 
   284  1E2E                     	;# 
   285  1E2F                     	;# 
   286  1E30                     	;# 
   287  1E31                     	;# 
   288  1E32                     	;# 
   289  1E33                     	;# 
   290  1E34                     	;# 
   291  1E35                     	;# 
   292  1E36                     	;# 
   293  1E37                     	;# 
   294  1E8F                     	;# 
   295  1E90                     	;# 
   296  1E91                     	;# 
   297  1E92                     	;# 
   298  1E93                     	;# 
   299  1E9C                     	;# 
   300  1EA1                     	;# 
   301  1EA2                     	;# 
   302  1EB1                     	;# 
   303  1EBB                     	;# 
   304  1EBC                     	;# 
   305  1EBD                     	;# 
   306  1EBE                     	;# 
   307  1EC3                     	;# 
   308  1EC5                     	;# 
   309  1EC6                     	;# 
   310  1EC7                     	;# 
   311  1ECB                     	;# 
   312  1ECC                     	;# 
   313  1ECD                     	;# 
   314  1ECE                     	;# 
   315  1F10                     	;# 
   316  1F11                     	;# 
   317  1F12                     	;# 
   318  1F13                     	;# 
   319  1F14                     	;# 
   320  1F15                     	;# 
   321  1F20                     	;# 
   322  1F21                     	;# 
   323  1F22                     	;# 
   324  1F23                     	;# 
   325  1F24                     	;# 
   326  1F25                     	;# 
   327  1F38                     	;# 
   328  1F39                     	;# 
   329  1F3A                     	;# 
   330  1F3B                     	;# 
   331  1F3C                     	;# 
   332  1F3D                     	;# 
   333  1F3E                     	;# 
   334  1F3F                     	;# 
   335  1F4E                     	;# 
   336  1F4F                     	;# 
   337  1F50                     	;# 
   338  1F51                     	;# 
   339  1F52                     	;# 
   340  1F53                     	;# 
   341  1F54                     	;# 
   342  1F55                     	;# 
   343  1FE4                     	;# 
   344  1FE5                     	;# 
   345  1FE6                     	;# 
   346  1FE7                     	;# 
   347  1FE8                     	;# 
   348  1FE8                     	;# 
   349  1FE9                     	;# 
   350  1FEA                     	;# 
   351  1FEA                     	;# 
   352  1FEB                     	;# 
   353  1FED                     	;# 
   354  1FEE                     	;# 
   355  1FEF                     	;# 
   356  0000                     	;# 
   357  0001                     	;# 
   358  0002                     	;# 
   359  0003                     	;# 
   360  0004                     	;# 
   361  0005                     	;# 
   362  0006                     	;# 
   363  0007                     	;# 
   364  0008                     	;# 
   365  0009                     	;# 
   366  000A                     	;# 
   367  000B                     	;# 
   368  000C                     	;# 
   369  000E                     	;# 
   370  0012                     	;# 
   371  0014                     	;# 
   372  0018                     	;# 
   373  001A                     	;# 
   374  009B                     	;# 
   375  009B                     	;# 
   376  009C                     	;# 
   377  009D                     	;# 
   378  009E                     	;# 
   379  009F                     	;# 
   380  0119                     	;# 
   381  0119                     	;# 
   382  0119                     	;# 
   383  011A                     	;# 
   384  011A                     	;# 
   385  011A                     	;# 
   386  011B                     	;# 
   387  011B                     	;# 
   388  011B                     	;# 
   389  011B                     	;# 
   390  011B                     	;# 
   391  011C                     	;# 
   392  011C                     	;# 
   393  011C                     	;# 
   394  011D                     	;# 
   395  011D                     	;# 
   396  011D                     	;# 
   397  011E                     	;# 
   398  011E                     	;# 
   399  011E                     	;# 
   400  011F                     	;# 
   401  011F                     	;# 
   402  011F                     	;# 
   403  011F                     	;# 
   404  011F                     	;# 
   405  018C                     	;# 
   406  018D                     	;# 
   407  018E                     	;# 
   408  018F                     	;# 
   409  0190                     	;# 
   410  0191                     	;# 
   411  0192                     	;# 
   412  020C                     	;# 
   413  020C                     	;# 
   414  020D                     	;# 
   415  020E                     	;# 
   416  020F                     	;# 
   417  020F                     	;# 
   418  0210                     	;# 
   419  0210                     	;# 
   420  0211                     	;# 
   421  0211                     	;# 
   422  028C                     	;# 
   423  028C                     	;# 
   424  028D                     	;# 
   425  028D                     	;# 
   426  028E                     	;# 
   427  028F                     	;# 
   428  0290                     	;# 
   429  0291                     	;# 
   430  030C                     	;# 
   431  030C                     	;# 
   432  030D                     	;# 
   433  030E                     	;# 
   434  030F                     	;# 
   435  0310                     	;# 
   436  0310                     	;# 
   437  0311                     	;# 
   438  0312                     	;# 
   439  0313                     	;# 
   440  0314                     	;# 
   441  0314                     	;# 
   442  0315                     	;# 
   443  0316                     	;# 
   444  0318                     	;# 
   445  0318                     	;# 
   446  0319                     	;# 
   447  031A                     	;# 
   448  031C                     	;# 
   449  031C                     	;# 
   450  031D                     	;# 
   451  031E                     	;# 
   452  038C                     	;# 
   453  038C                     	;# 
   454  038D                     	;# 
   455  038E                     	;# 
   456  058C                     	;# 
   457  058C                     	;# 
   458  058D                     	;# 
   459  058E                     	;# 
   460  058F                     	;# 
   461  058F                     	;# 
   462  0590                     	;# 
   463  0591                     	;# 
   464  0592                     	;# 
   465  0593                     	;# 
   466  059C                     	;# 
   467  059C                     	;# 
   468  059D                     	;# 
   469  059D                     	;# 
   470  059E                     	;# 
   471  059F                     	;# 
   472  060C                     	;# 
   473  060D                     	;# 
   474  060E                     	;# 
   475  060F                     	;# 
   476  0610                     	;# 
   477  0611                     	;# 
   478  0612                     	;# 
   479  0613                     	;# 
   480  0614                     	;# 
   481  070C                     	;# 
   482  070D                     	;# 
   483  070E                     	;# 
   484  070F                     	;# 
   485  0710                     	;# 
   486  0711                     	;# 
   487  0712                     	;# 
   488  0713                     	;# 
   489  0716                     	;# 
   490  0717                     	;# 
   491  0718                     	;# 
   492  0719                     	;# 
   493  071A                     	;# 
   494  071B                     	;# 
   495  071C                     	;# 
   496  071D                     	;# 
   497  0796                     	;# 
   498  0797                     	;# 
   499  0798                     	;# 
   500  0799                     	;# 
   501  079A                     	;# 
   502  079B                     	;# 
   503  080C                     	;# 
   504  080D                     	;# 
   505  080E                     	;# 
   506  080F                     	;# 
   507  0810                     	;# 
   508  0811                     	;# 
   509  0812                     	;# 
   510  0813                     	;# 
   511  0814                     	;# 
   512  081A                     	;# 
   513  081A                     	;# 
   514  081B                     	;# 
   515  081C                     	;# 
   516  081C                     	;# 
   517  081D                     	;# 
   518  081E                     	;# 
   519  081F                     	;# 
   520  088C                     	;# 
   521  088D                     	;# 
   522  088E                     	;# 
   523  088F                     	;# 
   524  0890                     	;# 
   525  0891                     	;# 
   526  0892                     	;# 
   527  0893                     	;# 
   528  0895                     	;# 
   529  0896                     	;# 
   530  090C                     	;# 
   531  090E                     	;# 
   532  090F                     	;# 
   533  091F                     	;# 
   534  098F                     	;# 
   535  098F                     	;# 
   536  0990                     	;# 
   537  0991                     	;# 
   538  0992                     	;# 
   539  0993                     	;# 
   540  0994                     	;# 
   541  0995                     	;# 
   542  0996                     	;# 
   543  0997                     	;# 
   544  0A19                     	;# 
   545  0A19                     	;# 
   546  0A1A                     	;# 
   547  0A1A                     	;# 
   548  0A1B                     	;# 
   549  0A1B                     	;# 
   550  0A1B                     	;# 
   551  0A1C                     	;# 
   552  0A1C                     	;# 
   553  0A1D                     	;# 
   554  0A1D                     	;# 
   555  0A1E                     	;# 
   556  0A1E                     	;# 
   557  0A1F                     	;# 
   558  0A1F                     	;# 
   559  0A1F                     	;# 
   560  1E0F                     	;# 
   561  1E10                     	;# 
   562  1E11                     	;# 
   563  1E12                     	;# 
   564  1E13                     	;# 
   565  1E14                     	;# 
   566  1E15                     	;# 
   567  1E16                     	;# 
   568  1E17                     	;# 
   569  1E18                     	;# 
   570  1E19                     	;# 
   571  1E1A                     	;# 
   572  1E1B                     	;# 
   573  1E1C                     	;# 
   574  1E1D                     	;# 
   575  1E1E                     	;# 
   576  1E1F                     	;# 
   577  1E20                     	;# 
   578  1E21                     	;# 
   579  1E22                     	;# 
   580  1E23                     	;# 
   581  1E24                     	;# 
   582  1E25                     	;# 
   583  1E26                     	;# 
   584  1E27                     	;# 
   585  1E28                     	;# 
   586  1E29                     	;# 
   587  1E2A                     	;# 
   588  1E2B                     	;# 
   589  1E2C                     	;# 
   590  1E2D                     	;# 
   591  1E2E                     	;# 
   592  1E2F                     	;# 
   593  1E30                     	;# 
   594  1E31                     	;# 
   595  1E32                     	;# 
   596  1E33                     	;# 
   597  1E34                     	;# 
   598  1E35                     	;# 
   599  1E36                     	;# 
   600  1E37                     	;# 
   601  1E8F                     	;# 
   602  1E90                     	;# 
   603  1E91                     	;# 
   604  1E92                     	;# 
   605  1E93                     	;# 
   606  1E9C                     	;# 
   607  1EA1                     	;# 
   608  1EA2                     	;# 
   609  1EB1                     	;# 
   610  1EBB                     	;# 
   611  1EBC                     	;# 
   612  1EBD                     	;# 
   613  1EBE                     	;# 
   614  1EC3                     	;# 
   615  1EC5                     	;# 
   616  1EC6                     	;# 
   617  1EC7                     	;# 
   618  1ECB                     	;# 
   619  1ECC                     	;# 
   620  1ECD                     	;# 
   621  1ECE                     	;# 
   622  1F10                     	;# 
   623  1F11                     	;# 
   624  1F12                     	;# 
   625  1F13                     	;# 
   626  1F14                     	;# 
   627  1F15                     	;# 
   628  1F20                     	;# 
   629  1F21                     	;# 
   630  1F22                     	;# 
   631  1F23                     	;# 
   632  1F24                     	;# 
   633  1F25                     	;# 
   634  1F38                     	;# 
   635  1F39                     	;# 
   636  1F3A                     	;# 
   637  1F3B                     	;# 
   638  1F3C                     	;# 
   639  1F3D                     	;# 
   640  1F3E                     	;# 
   641  1F3F                     	;# 
   642  1F4E                     	;# 
   643  1F4F                     	;# 
   644  1F50                     	;# 
   645  1F51                     	;# 
   646  1F52                     	;# 
   647  1F53                     	;# 
   648  1F54                     	;# 
   649  1F55                     	;# 
   650  1FE4                     	;# 
   651  1FE5                     	;# 
   652  1FE6                     	;# 
   653  1FE7                     	;# 
   654  1FE8                     	;# 
   655  1FE8                     	;# 
   656  1FE9                     	;# 
   657  1FEA                     	;# 
   658  1FEA                     	;# 
   659  1FEB                     	;# 
   660  1FED                     	;# 
   661  1FEE                     	;# 
   662  1FEF                     	;# 
   663  0000                     	;# 
   664  0001                     	;# 
   665  0002                     	;# 
   666  0003                     	;# 
   667  0004                     	;# 
   668  0005                     	;# 
   669  0006                     	;# 
   670  0007                     	;# 
   671  0008                     	;# 
   672  0009                     	;# 
   673  000A                     	;# 
   674  000B                     	;# 
   675  000C                     	;# 
   676  000E                     	;# 
   677  0012                     	;# 
   678  0014                     	;# 
   679  0018                     	;# 
   680  001A                     	;# 
   681  009B                     	;# 
   682  009B                     	;# 
   683  009C                     	;# 
   684  009D                     	;# 
   685  009E                     	;# 
   686  009F                     	;# 
   687  0119                     	;# 
   688  0119                     	;# 
   689  0119                     	;# 
   690  011A                     	;# 
   691  011A                     	;# 
   692  011A                     	;# 
   693  011B                     	;# 
   694  011B                     	;# 
   695  011B                     	;# 
   696  011B                     	;# 
   697  011B                     	;# 
   698  011C                     	;# 
   699  011C                     	;# 
   700  011C                     	;# 
   701  011D                     	;# 
   702  011D                     	;# 
   703  011D                     	;# 
   704  011E                     	;# 
   705  011E                     	;# 
   706  011E                     	;# 
   707  011F                     	;# 
   708  011F                     	;# 
   709  011F                     	;# 
   710  011F                     	;# 
   711  011F                     	;# 
   712  018C                     	;# 
   713  018D                     	;# 
   714  018E                     	;# 
   715  018F                     	;# 
   716  0190                     	;# 
   717  0191                     	;# 
   718  0192                     	;# 
   719  020C                     	;# 
   720  020C                     	;# 
   721  020D                     	;# 
   722  020E                     	;# 
   723  020F                     	;# 
   724  020F                     	;# 
   725  0210                     	;# 
   726  0210                     	;# 
   727  0211                     	;# 
   728  0211                     	;# 
   729  028C                     	;# 
   730  028C                     	;# 
   731  028D                     	;# 
   732  028D                     	;# 
   733  028E                     	;# 
   734  028F                     	;# 
   735  0290                     	;# 
   736  0291                     	;# 
   737  030C                     	;# 
   738  030C                     	;# 
   739  030D                     	;# 
   740  030E                     	;# 
   741  030F                     	;# 
   742  0310                     	;# 
   743  0310                     	;# 
   744  0311                     	;# 
   745  0312                     	;# 
   746  0313                     	;# 
   747  0314                     	;# 
   748  0314                     	;# 
   749  0315                     	;# 
   750  0316                     	;# 
   751  0318                     	;# 
   752  0318                     	;# 
   753  0319                     	;# 
   754  031A                     	;# 
   755  031C                     	;# 
   756  031C                     	;# 
   757  031D                     	;# 
   758  031E                     	;# 
   759  038C                     	;# 
   760  038C                     	;# 
   761  038D                     	;# 
   762  038E                     	;# 
   763  058C                     	;# 
   764  058C                     	;# 
   765  058D                     	;# 
   766  058E                     	;# 
   767  058F                     	;# 
   768  058F                     	;# 
   769  0590                     	;# 
   770  0591                     	;# 
   771  0592                     	;# 
   772  0593                     	;# 
   773  059C                     	;# 
   774  059C                     	;# 
   775  059D                     	;# 
   776  059D                     	;# 
   777  059E                     	;# 
   778  059F                     	;# 
   779  060C                     	;# 
   780  060D                     	;# 
   781  060E                     	;# 
   782  060F                     	;# 
   783  0610                     	;# 
   784  0611                     	;# 
   785  0612                     	;# 
   786  0613                     	;# 
   787  0614                     	;# 
   788  070C                     	;# 
   789  070D                     	;# 
   790  070E                     	;# 
   791  070F                     	;# 
   792  0710                     	;# 
   793  0711                     	;# 
   794  0712                     	;# 
   795  0713                     	;# 
   796  0716                     	;# 
   797  0717                     	;# 
   798  0718                     	;# 
   799  0719                     	;# 
   800  071A                     	;# 
   801  071B                     	;# 
   802  071C                     	;# 
   803  071D                     	;# 
   804  0796                     	;# 
   805  0797                     	;# 
   806  0798                     	;# 
   807  0799                     	;# 
   808  079A                     	;# 
   809  079B                     	;# 
   810  080C                     	;# 
   811  080D                     	;# 
   812  080E                     	;# 
   813  080F                     	;# 
   814  0810                     	;# 
   815  0811                     	;# 
   816  0812                     	;# 
   817  0813                     	;# 
   818  0814                     	;# 
   819  081A                     	;# 
   820  081A                     	;# 
   821  081B                     	;# 
   822  081C                     	;# 
   823  081C                     	;# 
   824  081D                     	;# 
   825  081E                     	;# 
   826  081F                     	;# 
   827  088C                     	;# 
   828  088D                     	;# 
   829  088E                     	;# 
   830  088F                     	;# 
   831  0890                     	;# 
   832  0891                     	;# 
   833  0892                     	;# 
   834  0893                     	;# 
   835  0895                     	;# 
   836  0896                     	;# 
   837  090C                     	;# 
   838  090E                     	;# 
   839  090F                     	;# 
   840  091F                     	;# 
   841  098F                     	;# 
   842  098F                     	;# 
   843  0990                     	;# 
   844  0991                     	;# 
   845  0992                     	;# 
   846  0993                     	;# 
   847  0994                     	;# 
   848  0995                     	;# 
   849  0996                     	;# 
   850  0997                     	;# 
   851  0A19                     	;# 
   852  0A19                     	;# 
   853  0A1A                     	;# 
   854  0A1A                     	;# 
   855  0A1B                     	;# 
   856  0A1B                     	;# 
   857  0A1B                     	;# 
   858  0A1C                     	;# 
   859  0A1C                     	;# 
   860  0A1D                     	;# 
   861  0A1D                     	;# 
   862  0A1E                     	;# 
   863  0A1E                     	;# 
   864  0A1F                     	;# 
   865  0A1F                     	;# 
   866  0A1F                     	;# 
   867  1E0F                     	;# 
   868  1E10                     	;# 
   869  1E11                     	;# 
   870  1E12                     	;# 
   871  1E13                     	;# 
   872  1E14                     	;# 
   873  1E15                     	;# 
   874  1E16                     	;# 
   875  1E17                     	;# 
   876  1E18                     	;# 
   877  1E19                     	;# 
   878  1E1A                     	;# 
   879  1E1B                     	;# 
   880  1E1C                     	;# 
   881  1E1D                     	;# 
   882  1E1E                     	;# 
   883  1E1F                     	;# 
   884  1E20                     	;# 
   885  1E21                     	;# 
   886  1E22                     	;# 
   887  1E23                     	;# 
   888  1E24                     	;# 
   889  1E25                     	;# 
   890  1E26                     	;# 
   891  1E27                     	;# 
   892  1E28                     	;# 
   893  1E29                     	;# 
   894  1E2A                     	;# 
   895  1E2B                     	;# 
   896  1E2C                     	;# 
   897  1E2D                     	;# 
   898  1E2E                     	;# 
   899  1E2F                     	;# 
   900  1E30                     	;# 
   901  1E31                     	;# 
   902  1E32                     	;# 
   903  1E33                     	;# 
   904  1E34                     	;# 
   905  1E35                     	;# 
   906  1E36                     	;# 
   907  1E37                     	;# 
   908  1E8F                     	;# 
   909  1E90                     	;# 
   910  1E91                     	;# 
   911  1E92                     	;# 
   912  1E93                     	;# 
   913  1E9C                     	;# 
   914  1EA1                     	;# 
   915  1EA2                     	;# 
   916  1EB1                     	;# 
   917  1EBB                     	;# 
   918  1EBC                     	;# 
   919  1EBD                     	;# 
   920  1EBE                     	;# 
   921  1EC3                     	;# 
   922  1EC5                     	;# 
   923  1EC6                     	;# 
   924  1EC7                     	;# 
   925  1ECB                     	;# 
   926  1ECC                     	;# 
   927  1ECD                     	;# 
   928  1ECE                     	;# 
   929  1F10                     	;# 
   930  1F11                     	;# 
   931  1F12                     	;# 
   932  1F13                     	;# 
   933  1F14                     	;# 
   934  1F15                     	;# 
   935  1F20                     	;# 
   936  1F21                     	;# 
   937  1F22                     	;# 
   938  1F23                     	;# 
   939  1F24                     	;# 
   940  1F25                     	;# 
   941  1F38                     	;# 
   942  1F39                     	;# 
   943  1F3A                     	;# 
   944  1F3B                     	;# 
   945  1F3C                     	;# 
   946  1F3D                     	;# 
   947  1F3E                     	;# 
   948  1F3F                     	;# 
   949  1F4E                     	;# 
   950  1F4F                     	;# 
   951  1F50                     	;# 
   952  1F51                     	;# 
   953  1F52                     	;# 
   954  1F53                     	;# 
   955  1F54                     	;# 
   956  1F55                     	;# 
   957  1FE4                     	;# 
   958  1FE5                     	;# 
   959  1FE6                     	;# 
   960  1FE7                     	;# 
   961  1FE8                     	;# 
   962  1FE8                     	;# 
   963  1FE9                     	;# 
   964  1FEA                     	;# 
   965  1FEA                     	;# 
   966  1FEB                     	;# 
   967  1FED                     	;# 
   968  1FEE                     	;# 
   969  1FEF                     	;# 
   970  0014                     _TRISC	set	20
   971  0012                     _TRISA	set	18
   972  001A                     _LATC	set	26
   973  0018                     _LATA	set	24
   974  079B                     _PMD5	set	1947
   975  079A                     _PMD4	set	1946
   976  0799                     _PMD3	set	1945
   977  0798                     _PMD2	set	1944
   978  0797                     _PMD1	set	1943
   979  0796                     _PMD0	set	1942
   980  0892                     _OSCTUNE	set	2194
   981  0890                     _OSCSTAT	set	2192
   982  0893                     _OSCFRQ	set	2195
   983  0891                     _OSCEN	set	2193
   984  088F                     _OSCCON3	set	2191
   985  088D                     _OSCCON1	set	2189
   986  1F52                     _INLVLC	set	8018
   987  1F3C                     _INLVLA	set	7996
   988  1F51                     _SLRCONC	set	8017
   989  1F3B                     _SLRCONA	set	7995
   990  1F50                     _ODCONC	set	8016
   991  1F3A                     _ODCONA	set	7994
   992  1F4F                     _WPUC	set	8015
   993  1F39                     _WPUA	set	7993
   994  1F38                     _ANSELA	set	7992
   995  1F4E                     _ANSELC	set	8014
   996                           
   997                           	psect	cinit
   998  07FD                     start_initialization:	
   999                           ; #config settings
  1000                           
  1001  07FD                     __initialization:
  1002  07FD                     end_of_initialization:	
  1003                           ;End of C runtime variable initialization code
  1004                           
  1005  07FD                     __end_of__initialization:
  1006  07FD  0140               	movlb	0
  1007  07FE  3187  2FC2         	ljmp	_main	;jump to C main() function
  1008                           
  1009                           	psect	cstackCOMMON
  1010  0000                     __pcstackCOMMON:
  1011  0000                     ?_PMD_Initialize:
  1012  0000                     ??_PMD_Initialize:	
  1013                           ; 1 bytes @ 0x0
  1014                           
  1015  0000                     ?_OSCILLATOR_Initialize:	
  1016                           ; 1 bytes @ 0x0
  1017                           
  1018  0000                     ??_OSCILLATOR_Initialize:	
  1019                           ; 1 bytes @ 0x0
  1020                           
  1021  0000                     ?_PIN_MANAGER_Initialize:	
  1022                           ; 1 bytes @ 0x0
  1023                           
  1024  0000                     ??_PIN_MANAGER_Initialize:	
  1025                           ; 1 bytes @ 0x0
  1026                           
  1027  0000                     ?_SYSTEM_Initialize:	
  1028                           ; 1 bytes @ 0x0
  1029                           
  1030  0000                     ??_SYSTEM_Initialize:	
  1031                           ; 1 bytes @ 0x0
  1032                           
  1033  0000                     ?_main:	
  1034                           ; 1 bytes @ 0x0
  1035                           
  1036  0000                     ??_main:	
  1037                           ; 1 bytes @ 0x0
  1038                           
  1039                           
  1040                           	psect	maintext
  1041  07C2                     __pmaintext:	
  1042                           ; 1 bytes @ 0x0
  1043 ;;
  1044 ;;Main: autosize = 0, tempsize = 0, incstack = 0, save=0
  1045 ;;
  1046 ;; *************** function _main *****************
  1047 ;; Defined at:
  1048 ;;		line 49 in file "main.c"
  1049 ;; Parameters:    Size  Location     Type
  1050 ;;		None
  1051 ;; Auto vars:     Size  Location     Type
  1052 ;;		None
  1053 ;; Return value:  Size  Location     Type
  1054 ;;                  1    wreg      void 
  1055 ;; Registers used:
  1056 ;;		wreg, status,2, status,0, pclath, cstack
  1057 ;; Tracked objects:
  1058 ;;		On entry : B3F/0
  1059 ;;		On exit  : 0/0
  1060 ;;		Unchanged: 0/0
  1061 ;; Data sizes:     COMMON   BANK0   BANK1   BANK2   BANK3   BANK4   BANK5   BANK6
  1062 ;;      Params:         0       0       0       0       0       0       0       0
  1063 ;;      Locals:         0       0       0       0       0       0       0       0
  1064 ;;      Temps:          0       0       0       0       0       0       0       0
  1065 ;;      Totals:         0       0       0       0       0       0       0       0
  1066 ;;Total ram usage:        0 bytes
  1067 ;; Hardware stack levels required when called: 2
  1068 ;; This function calls:
  1069 ;;		_SYSTEM_Initialize
  1070 ;; This function is called by:
  1071 ;;		Startup code after reset
  1072 ;; This function uses a non-reentrant model
  1073 ;;
  1074                           
  1075                           
  1076                           ;psect for function _main
  1077  07C2                     _main:
  1078  07C2                     l645:	
  1079                           ;incstack = 0
  1080                           ; Regs used in _main: [wreg+status,2+status,0+pclath+cstack]
  1081                           
  1082                           
  1083                           ;main.c: 52:     SYSTEM_Initialize();
  1084  07C2  3187  27DA  3187   	fcall	_SYSTEM_Initialize
  1085  07C5                     l80:	
  1086                           ;main.c: 69:     while (1)
  1087                           
  1088  07C5                     l81:	
  1089                           ;main.c: 70:     {;main.c: 72:     }
  1090                           
  1091  07C5  2FC5               	goto	l80
  1092  07C6  3180  2802         	ljmp	start
  1093  07C8                     __end_of_main:
  1094                           
  1095                           	psect	text1
  1096  07DA                     __ptext1:	
  1097 ;; *************** function _SYSTEM_Initialize *****************
  1098 ;; Defined at:
  1099 ;;		line 50 in file "mcc_generated_files/mcc.c"
  1100 ;; Parameters:    Size  Location     Type
  1101 ;;		None
  1102 ;; Auto vars:     Size  Location     Type
  1103 ;;		None
  1104 ;; Return value:  Size  Location     Type
  1105 ;;                  1    wreg      void 
  1106 ;; Registers used:
  1107 ;;		wreg, status,2, status,0, pclath, cstack
  1108 ;; Tracked objects:
  1109 ;;		On entry : 0/0
  1110 ;;		On exit  : 0/0
  1111 ;;		Unchanged: 0/0
  1112 ;; Data sizes:     COMMON   BANK0   BANK1   BANK2   BANK3   BANK4   BANK5   BANK6
  1113 ;;      Params:         0       0       0       0       0       0       0       0
  1114 ;;      Locals:         0       0       0       0       0       0       0       0
  1115 ;;      Temps:          0       0       0       0       0       0       0       0
  1116 ;;      Totals:         0       0       0       0       0       0       0       0
  1117 ;;Total ram usage:        0 bytes
  1118 ;; Hardware stack levels used: 1
  1119 ;; Hardware stack levels required when called: 1
  1120 ;; This function calls:
  1121 ;;		_OSCILLATOR_Initialize
  1122 ;;		_PIN_MANAGER_Initialize
  1123 ;;		_PMD_Initialize
  1124 ;; This function is called by:
  1125 ;;		_main
  1126 ;; This function uses a non-reentrant model
  1127 ;;
  1128                           
  1129                           
  1130                           ;psect for function _SYSTEM_Initialize
  1131  07DA                     _SYSTEM_Initialize:
  1132  07DA                     l639:	
  1133                           ;incstack = 0
  1134                           ; Regs used in _SYSTEM_Initialize: [wreg+status,2+status,0+pclath+cstack]
  1135                           
  1136                           
  1137                           ;mcc_generated_files/mcc.c: 52:     PMD_Initialize();
  1138  07DA  3187  27C8  3187   	fcall	_PMD_Initialize
  1139  07DD                     l641:
  1140                           
  1141                           ;mcc_generated_files/mcc.c: 53:     PIN_MANAGER_Initialize();
  1142  07DD  3187  27E4  3187   	fcall	_PIN_MANAGER_Initialize
  1143  07E0                     l643:
  1144                           
  1145                           ;mcc_generated_files/mcc.c: 54:     OSCILLATOR_Initialize();
  1146  07E0  3187  27D0  3187   	fcall	_OSCILLATOR_Initialize
  1147  07E3                     l67:
  1148  07E3  0008               	return
  1149  07E4                     __end_of_SYSTEM_Initialize:
  1150                           
  1151                           	psect	text2
  1152  07C8                     __ptext2:	
  1153 ;; *************** function _PMD_Initialize *****************
  1154 ;; Defined at:
  1155 ;;		line 73 in file "mcc_generated_files/mcc.c"
  1156 ;; Parameters:    Size  Location     Type
  1157 ;;		None
  1158 ;; Auto vars:     Size  Location     Type
  1159 ;;		None
  1160 ;; Return value:  Size  Location     Type
  1161 ;;                  1    wreg      void 
  1162 ;; Registers used:
  1163 ;;		status,2
  1164 ;; Tracked objects:
  1165 ;;		On entry : 0/0
  1166 ;;		On exit  : 0/0
  1167 ;;		Unchanged: 0/0
  1168 ;; Data sizes:     COMMON   BANK0   BANK1   BANK2   BANK3   BANK4   BANK5   BANK6
  1169 ;;      Params:         0       0       0       0       0       0       0       0
  1170 ;;      Locals:         0       0       0       0       0       0       0       0
  1171 ;;      Temps:          0       0       0       0       0       0       0       0
  1172 ;;      Totals:         0       0       0       0       0       0       0       0
  1173 ;;Total ram usage:        0 bytes
  1174 ;; Hardware stack levels used: 1
  1175 ;; This function calls:
  1176 ;;		Nothing
  1177 ;; This function is called by:
  1178 ;;		_SYSTEM_Initialize
  1179 ;; This function uses a non-reentrant model
  1180 ;;
  1181                           
  1182                           
  1183                           ;psect for function _PMD_Initialize
  1184  07C8                     _PMD_Initialize:
  1185  07C8                     l627:	
  1186                           ;incstack = 0
  1187                           ; Regs used in _PMD_Initialize: [status,2]
  1188                           
  1189                           
  1190                           ;mcc_generated_files/mcc.c: 76:     PMD0 = 0x00;
  1191  07C8  014F               	movlb	15	; select bank15
  1192  07C9  0196               	clrf	22	;volatile
  1193                           
  1194                           ;mcc_generated_files/mcc.c: 78:     PMD1 = 0x00;
  1195  07CA  0197               	clrf	23	;volatile
  1196                           
  1197                           ;mcc_generated_files/mcc.c: 80:     PMD2 = 0x00;
  1198  07CB  0198               	clrf	24	;volatile
  1199                           
  1200                           ;mcc_generated_files/mcc.c: 82:     PMD3 = 0x00;
  1201  07CC  0199               	clrf	25	;volatile
  1202                           
  1203                           ;mcc_generated_files/mcc.c: 84:     PMD4 = 0x00;
  1204  07CD  019A               	clrf	26	;volatile
  1205                           
  1206                           ;mcc_generated_files/mcc.c: 86:     PMD5 = 0x00;
  1207  07CE  019B               	clrf	27	;volatile
  1208  07CF                     l73:
  1209  07CF  0008               	return
  1210  07D0                     __end_of_PMD_Initialize:
  1211                           
  1212                           	psect	text3
  1213  07E4                     __ptext3:	
  1214 ;; *************** function _PIN_MANAGER_Initialize *****************
  1215 ;; Defined at:
  1216 ;;		line 55 in file "mcc_generated_files/pin_manager.c"
  1217 ;; Parameters:    Size  Location     Type
  1218 ;;		None
  1219 ;; Auto vars:     Size  Location     Type
  1220 ;;		None
  1221 ;; Return value:  Size  Location     Type
  1222 ;;                  1    wreg      void 
  1223 ;; Registers used:
  1224 ;;		wreg, status,2
  1225 ;; Tracked objects:
  1226 ;;		On entry : 0/0
  1227 ;;		On exit  : 0/0
  1228 ;;		Unchanged: 0/0
  1229 ;; Data sizes:     COMMON   BANK0   BANK1   BANK2   BANK3   BANK4   BANK5   BANK6
  1230 ;;      Params:         0       0       0       0       0       0       0       0
  1231 ;;      Locals:         0       0       0       0       0       0       0       0
  1232 ;;      Temps:          0       0       0       0       0       0       0       0
  1233 ;;      Totals:         0       0       0       0       0       0       0       0
  1234 ;;Total ram usage:        0 bytes
  1235 ;; Hardware stack levels used: 1
  1236 ;; This function calls:
  1237 ;;		Nothing
  1238 ;; This function is called by:
  1239 ;;		_SYSTEM_Initialize
  1240 ;; This function uses a non-reentrant model
  1241 ;;
  1242                           
  1243                           
  1244                           ;psect for function _PIN_MANAGER_Initialize
  1245  07E4                     _PIN_MANAGER_Initialize:
  1246  07E4                     l609:	
  1247                           ;incstack = 0
  1248                           ; Regs used in _PIN_MANAGER_Initialize: [wreg+status,2]
  1249                           
  1250                           
  1251                           ;mcc_generated_files/pin_manager.c: 60:     LATA = 0x00;
  1252  07E4  0140               	movlb	0	; select bank0
  1253  07E5  0198               	clrf	24	;volatile
  1254                           
  1255                           ;mcc_generated_files/pin_manager.c: 61:     LATC = 0x00;
  1256  07E6  019A               	clrf	26	;volatile
  1257  07E7                     l611:
  1258                           
  1259                           ;mcc_generated_files/pin_manager.c: 66:     TRISA = 0x3F;
  1260  07E7  303F               	movlw	63
  1261  07E8  0092               	movwf	18	;volatile
  1262  07E9                     l613:
  1263                           
  1264                           ;mcc_generated_files/pin_manager.c: 67:     TRISC = 0x3F;
  1265  07E9  303F               	movlw	63
  1266  07EA  0094               	movwf	20	;volatile
  1267  07EB                     l615:
  1268                           
  1269                           ;mcc_generated_files/pin_manager.c: 72:     ANSELC = 0x3F;
  1270  07EB  303F               	movlw	63
  1271  07EC  017E               	movlb	62	; select bank62
  1272  07ED  00CE               	movwf	78	;volatile
  1273  07EE                     l617:
  1274                           
  1275                           ;mcc_generated_files/pin_manager.c: 73:     ANSELA = 0x37;
  1276  07EE  3037               	movlw	55
  1277  07EF  00B8               	movwf	56	;volatile
  1278                           
  1279                           ;mcc_generated_files/pin_manager.c: 78:     WPUA = 0x00;
  1280  07F0  01B9               	clrf	57	;volatile
  1281                           
  1282                           ;mcc_generated_files/pin_manager.c: 79:     WPUC = 0x00;
  1283  07F1  01CF               	clrf	79	;volatile
  1284                           
  1285                           ;mcc_generated_files/pin_manager.c: 84:     ODCONA = 0x00;
  1286  07F2  01BA               	clrf	58	;volatile
  1287                           
  1288                           ;mcc_generated_files/pin_manager.c: 85:     ODCONC = 0x00;
  1289  07F3  01D0               	clrf	80	;volatile
  1290  07F4                     l619:
  1291                           
  1292                           ;mcc_generated_files/pin_manager.c: 90:     SLRCONA = 0x3F;
  1293  07F4  303F               	movlw	63
  1294  07F5  00BB               	movwf	59	;volatile
  1295  07F6                     l621:
  1296                           
  1297                           ;mcc_generated_files/pin_manager.c: 91:     SLRCONC = 0x3F;
  1298  07F6  303F               	movlw	63
  1299  07F7  00D1               	movwf	81	;volatile
  1300  07F8                     l623:
  1301                           
  1302                           ;mcc_generated_files/pin_manager.c: 96:     INLVLA = 0x3F;
  1303  07F8  303F               	movlw	63
  1304  07F9  00BC               	movwf	60	;volatile
  1305  07FA                     l625:
  1306                           
  1307                           ;mcc_generated_files/pin_manager.c: 97:     INLVLC = 0x3F;
  1308  07FA  303F               	movlw	63
  1309  07FB  00D2               	movwf	82	;volatile
  1310  07FC                     l31:
  1311  07FC  0008               	return
  1312  07FD                     __end_of_PIN_MANAGER_Initialize:
  1313                           
  1314                           	psect	text4
  1315  07D0                     __ptext4:	
  1316 ;; *************** function _OSCILLATOR_Initialize *****************
  1317 ;; Defined at:
  1318 ;;		line 57 in file "mcc_generated_files/mcc.c"
  1319 ;; Parameters:    Size  Location     Type
  1320 ;;		None
  1321 ;; Auto vars:     Size  Location     Type
  1322 ;;		None
  1323 ;; Return value:  Size  Location     Type
  1324 ;;                  1    wreg      void 
  1325 ;; Registers used:
  1326 ;;		wreg, status,2
  1327 ;; Tracked objects:
  1328 ;;		On entry : 0/0
  1329 ;;		On exit  : 0/0
  1330 ;;		Unchanged: 0/0
  1331 ;; Data sizes:     COMMON   BANK0   BANK1   BANK2   BANK3   BANK4   BANK5   BANK6
  1332 ;;      Params:         0       0       0       0       0       0       0       0
  1333 ;;      Locals:         0       0       0       0       0       0       0       0
  1334 ;;      Temps:          0       0       0       0       0       0       0       0
  1335 ;;      Totals:         0       0       0       0       0       0       0       0
  1336 ;;Total ram usage:        0 bytes
  1337 ;; Hardware stack levels used: 1
  1338 ;; This function calls:
  1339 ;;		Nothing
  1340 ;; This function is called by:
  1341 ;;		_SYSTEM_Initialize
  1342 ;; This function uses a non-reentrant model
  1343 ;;
  1344                           
  1345                           
  1346                           ;psect for function _OSCILLATOR_Initialize
  1347  07D0                     _OSCILLATOR_Initialize:
  1348  07D0                     l629:	
  1349                           ;incstack = 0
  1350                           ; Regs used in _OSCILLATOR_Initialize: [wreg+status,2]
  1351                           
  1352                           
  1353                           ;mcc_generated_files/mcc.c: 60:     OSCCON1 = 0x62;
  1354  07D0  3062               	movlw	98
  1355  07D1  0151               	movlb	17	; select bank17
  1356  07D2  008D               	movwf	13	;volatile
  1357  07D3                     l631:
  1358                           
  1359                           ;mcc_generated_files/mcc.c: 62:     OSCCON3 = 0x00;
  1360  07D3  018F               	clrf	15	;volatile
  1361  07D4                     l633:
  1362                           
  1363                           ;mcc_generated_files/mcc.c: 64:     OSCEN = 0x00;
  1364  07D4  0191               	clrf	17	;volatile
  1365                           
  1366                           ;mcc_generated_files/mcc.c: 66:     OSCFRQ = 0x02;
  1367  07D5  3002               	movlw	2
  1368  07D6  0093               	movwf	19	;volatile
  1369  07D7                     l635:
  1370                           
  1371                           ;mcc_generated_files/mcc.c: 68:     OSCSTAT = 0x00;
  1372  07D7  0190               	clrf	16	;volatile
  1373  07D8                     l637:
  1374                           
  1375                           ;mcc_generated_files/mcc.c: 70:     OSCTUNE = 0x00;
  1376  07D8  0192               	clrf	18	;volatile
  1377  07D9                     l70:
  1378  07D9  0008               	return
  1379  07DA                     __end_of_OSCILLATOR_Initialize:
  1380  007E                     btemp	set	126	;btemp
  1381  007E                     wtemp0	set	126
  1382                           
  1383                           	psect	config
  1384                           
  1385                           ;Config register CONFIG1 @ 0x8007
  1386                           ;	External Oscillator mode selection bits
  1387                           ;	FEXTOSC = OFF, Oscillator not enabled
  1388                           ;	Power-up default value for COSC bits
  1389                           ;	RSTOSC = HFINT1, HFINTOSC (1MHz)
  1390                           ;	Clock Out Enable bit
  1391                           ;	CLKOUTEN = OFF, CLKOUT function is disabled; i/o or oscillator function on OSC2
  1392                           ;	Clock Switch Enable bit
  1393                           ;	CSWEN = ON, Writing to NOSC and NDIV is allowed
  1394                           ;	Fail-Safe Clock Monitor Enable bit
  1395                           ;	FCMEN = ON, FSCM timer enabled
  1396  8007                     	org	32775
  1397  8007  3FEC               	dw	16364
  1398                           
  1399                           ;Config register CONFIG2 @ 0x8008
  1400                           ;	Master Clear Enable bit
  1401                           ;	MCLRE = ON, MCLR pin is Master Clear function
  1402                           ;	Power-up Timer Enable bit
  1403                           ;	PWRTE = OFF, PWRT disabled
  1404                           ;	Low-Power BOR enable bit
  1405                           ;	LPBOREN = OFF, ULPBOR disabled
  1406                           ;	Brown-out reset enable bits
  1407                           ;	BOREN = ON, Brown-out Reset Enabled, SBOREN bit is ignored
  1408                           ;	Brown-out Reset Voltage Selection
  1409                           ;	BORV = LO, Brown-out Reset Voltage (VBOR) set to 1.9V on LF, and 2.45V on F Devices
  1410                           ;	Zero-cross detect disable
  1411                           ;	ZCD = OFF, Zero-cross detect circuit is disabled at POR.
  1412                           ;	Peripheral Pin Select one-way control
  1413                           ;	PPS1WAY = ON, The PPSLOCK bit can be cleared and set only once in software
  1414                           ;	Stack Overflow/Underflow Reset Enable bit
  1415                           ;	STVREN = ON, Stack Overflow or Underflow will cause a reset
  1416  8008                     	org	32776
  1417  8008  3FFF               	dw	16383
  1418                           
  1419                           ;Config register CONFIG3 @ 0x8009
  1420                           ;	WDT Period Select bits
  1421                           ;	WDTCPS = WDTCPS_31, Divider ratio 1:65536; software control of WDTPS
  1422                           ;	WDT operating mode
  1423                           ;	WDTE = OFF, WDT Disabled, SWDTEN is ignored
  1424                           ;	WDT Window Select bits
  1425                           ;	WDTCWS = WDTCWS_7, window always open (100%); software control; keyed access not requi
      +                          red
  1426                           ;	WDT input clock selector
  1427                           ;	WDTCCS = SC, Software Control
  1428  8009                     	org	32777
  1429  8009  3F9F               	dw	16287
  1430                           
  1431                           ;Config register CONFIG4 @ 0x800A
  1432                           ;	Boot Block Size Selection bits
  1433                           ;	BBSIZE = BB512, 512 words boot block size
  1434                           ;	Boot Block Enable bit
  1435                           ;	BBEN = OFF, Boot Block disabled
  1436                           ;	SAF Enable bit
  1437                           ;	SAFEN = OFF, SAF disabled
  1438                           ;	Application Block Write Protection bit
  1439                           ;	WRTAPP = OFF, Application Block not write protected
  1440                           ;	Boot Block Write Protection bit
  1441                           ;	WRTB = OFF, Boot Block not write protected
  1442                           ;	Configuration Register Write Protection bit
  1443                           ;	WRTC = OFF, Configuration Register not write protected
  1444                           ;	Storage Area Flash Write Protection bit
  1445                           ;	WRTSAF = OFF, SAF not write protected
  1446                           ;	Low Voltage Programming Enable bit
  1447                           ;	LVP = ON, Low Voltage programming enabled. MCLR/Vpp pin function is MCLR.
  1448  800A                     	org	32778
  1449  800A  3FFF               	dw	16383
  1450                           
  1451                           ;Config register CONFIG5 @ 0x800B
  1452                           ;	UserNVM Program memory code protection bit
  1453                           ;	CP = OFF, UserNVM code protection disabled
  1454  800B                     	org	32779
  1455  800B  3FFF               	dw	16383

Data Sizes:
    Strings     0
    Constant    0
    Data        0
    BSS         0
    Persistent  32
    Stack       0

Auto Spaces:
    Space          Size  Autos    Used
    COMMON           14      0       0
    BANK0            80      0       0
    BANK1            80      0       0
    BANK2            80      0       0
    BANK3            80      0       0
    BANK4            80      0       0
    BANK5            80      0       0
    BANK6            16      0       0

Pointer List with Targets:

    None.

Critical Paths under _main in COMMON

    None.

Critical Paths under _main in BANK0

    None.

Critical Paths under _main in BANK1

    None.

Critical Paths under _main in BANK2

    None.

Critical Paths under _main in BANK3

    None.

Critical Paths under _main in BANK4

    None.

Critical Paths under _main in BANK5

    None.

Critical Paths under _main in BANK6

    None.

Call Graph Tables:

 ---------------------------------------------------------------------------------
 (Depth) Function   	        Calls       Base Space   Used Autos Params    Refs
 ---------------------------------------------------------------------------------
 (0) _main                                                 0     0      0       0
                  _SYSTEM_Initialize
 ---------------------------------------------------------------------------------
 (1) _SYSTEM_Initialize                                    0     0      0       0
              _OSCILLATOR_Initialize
             _PIN_MANAGER_Initialize
                     _PMD_Initialize
 ---------------------------------------------------------------------------------
 (2) _PMD_Initialize                                       0     0      0       0
 ---------------------------------------------------------------------------------
 (2) _PIN_MANAGER_Initialize                               0     0      0       0
 ---------------------------------------------------------------------------------
 (2) _OSCILLATOR_Initialize                                0     0      0       0
 ---------------------------------------------------------------------------------
 Estimated maximum stack depth 2
 ---------------------------------------------------------------------------------

 Call Graph Graphs:

 _main (ROOT)
   _SYSTEM_Initialize
     _OSCILLATOR_Initialize
     _PIN_MANAGER_Initialize
     _PMD_Initialize

 Address spaces:
Name               Size   Autos  Total    Cost      Usage
BIGRAM             1F0      0       0       0        0.0%
NULL                 0      0       0       0        0.0%
CODE                 0      0       0       0        0.0%
BITCOMMON            E      0       0       1        0.0%
BITSFR0              0      0       0       1        0.0%
SFR0                 0      0       0       1        0.0%
COMMON               E      0       0       2        0.0%
BITSFR1              0      0       0       2        0.0%
SFR1                 0      0       0       2        0.0%
BITSFR2              0      0       0       3        0.0%
SFR2                 0      0       0       3        0.0%
STACK                0      0       0       3        0.0%
BITSFR3              0      0       0       4        0.0%
SFR3                 0      0       0       4        0.0%
ABS                  0      0       0       4        0.0%
BITBANK0            50      0       0       5        0.0%
BITSFR4              0      0       0       5        0.0%
SFR4                 0      0       0       5        0.0%
BANK0               50      0       0       6        0.0%
BITSFR5              0      0       0       6        0.0%
SFR5                 0      0       0       6        0.0%
BITBANK1            50      0       0       7        0.0%
BITSFR6              0      0       0       7        0.0%
SFR6                 0      0       0       7        0.0%
BANK1               50      0       0       8        0.0%
BITSFR7              0      0       0       8        0.0%
SFR7                 0      0       0       8        0.0%
BITBANK2            50      0       0       9        0.0%
BITSFR8              0      0       0       9        0.0%
SFR8                 0      0       0       9        0.0%
BANK2               50      0       0      10        0.0%
BITSFR9              0      0       0      10        0.0%
SFR9                 0      0       0      10        0.0%
BITBANK3            50      0       0      11        0.0%
BITSFR10             0      0       0      11        0.0%
SFR10                0      0       0      11        0.0%
BANK3               50      0       0      12        0.0%
BITSFR11             0      0       0      12        0.0%
SFR11                0      0       0      12        0.0%
BITBANK4            50      0       0      13        0.0%
BITSFR12             0      0       0      13        0.0%
SFR12                0      0       0      13        0.0%
BANK4               50      0       0      14        0.0%
BITSFR13             0      0       0      14        0.0%
SFR13                0      0       0      14        0.0%
BITBANK5            50      0       0      15        0.0%
BITSFR14             0      0       0      15        0.0%
SFR14                0      0       0      15        0.0%
BANK5               50      0       0      16        0.0%
BITSFR15             0      0       0      16        0.0%
SFR15                0      0       0      16        0.0%
BITBANK6            10      0       0      17        0.0%
BITSFR16             0      0       0      17        0.0%
SFR16                0      0       0      17        0.0%
BANK6               10      0       0      18        0.0%
BITSFR17             0      0       0      18        0.0%
SFR17                0      0       0      18        0.0%
BITSFR18             0      0       0      19        0.0%
SFR18                0      0       0      19        0.0%
DATA                 0      0       0      19        0.0%
BITSFR19             0      0       0      20        0.0%
SFR19                0      0       0      20        0.0%
BITSFR20             0      0       0      21        0.0%
SFR20                0      0       0      21        0.0%
BITSFR21             0      0       0      22        0.0%
SFR21                0      0       0      22        0.0%
BITSFR22             0      0       0      23        0.0%
SFR22                0      0       0      23        0.0%
BITSFR23             0      0       0      24        0.0%
SFR23                0      0       0      24        0.0%
BITSFR24             0      0       0      25        0.0%
SFR24                0      0       0      25        0.0%
BITSFR25             0      0       0      26        0.0%
SFR25                0      0       0      26        0.0%
BITSFR26             0      0       0      27        0.0%
SFR26                0      0       0      27        0.0%
BITSFR27             0      0       0      28        0.0%
SFR27                0      0       0      28        0.0%
BITSFR28             0      0       0      29        0.0%
SFR28                0      0       0      29        0.0%
BITSFR29             0      0       0      30        0.0%
SFR29                0      0       0      30        0.0%
BITSFR30             0      0       0      31        0.0%
SFR30                0      0       0      31        0.0%
BITSFR31             0      0       0      32        0.0%
SFR31                0      0       0      32        0.0%
BITSFR32             0      0       0      33        0.0%
SFR32                0      0       0      33        0.0%
BITSFR33             0      0       0      34        0.0%
SFR33                0      0       0      34        0.0%
BITSFR34             0      0       0      35        0.0%
SFR34                0      0       0      35        0.0%
BITSFR35             0      0       0      36        0.0%
SFR35                0      0       0      36        0.0%
BITSFR36             0      0       0      37        0.0%
SFR36                0      0       0      37        0.0%
BITSFR37             0      0       0      38        0.0%
SFR37                0      0       0      38        0.0%
BITSFR38             0      0       0      39        0.0%
SFR38                0      0       0      39        0.0%
BITSFR39             0      0       0      40        0.0%
SFR39                0      0       0      40        0.0%
BITSFR40             0      0       0      41        0.0%
SFR40                0      0       0      41        0.0%
BITSFR41             0      0       0      42        0.0%
SFR41                0      0       0      42        0.0%
BITSFR42             0      0       0      43        0.0%
SFR42                0      0       0      43        0.0%
BITSFR43             0      0       0      44        0.0%
SFR43                0      0       0      44        0.0%
BITSFR44             0      0       0      45        0.0%
SFR44                0      0       0      45        0.0%
BITSFR45             0      0       0      46        0.0%
SFR45                0      0       0      46        0.0%
BITSFR46             0      0       0      47        0.0%
SFR46                0      0       0      47        0.0%
BITSFR47             0      0       0      48        0.0%
SFR47                0      0       0      48        0.0%
BITSFR48             0      0       0      49        0.0%
SFR48                0      0       0      49        0.0%
BITSFR49             0      0       0      50        0.0%
SFR49                0      0       0      50        0.0%
BITSFR50             0      0       0      51        0.0%
SFR50                0      0       0      51        0.0%
BITSFR51             0      0       0      52        0.0%
SFR51                0      0       0      52        0.0%
BITSFR52             0      0       0      53        0.0%
SFR52                0      0       0      53        0.0%
BITSFR53             0      0       0      54        0.0%
SFR53                0      0       0      54        0.0%
BITSFR54             0      0       0      55        0.0%
SFR54                0      0       0      55        0.0%
BITSFR55             0      0       0      56        0.0%
SFR55                0      0       0      56        0.0%
BITSFR56             0      0       0      57        0.0%
SFR56                0      0       0      57        0.0%
BITSFR57             0      0       0      58        0.0%
SFR57                0      0       0      58        0.0%
BITSFR58             0      0       0      59        0.0%
SFR58                0      0       0      59        0.0%
BITSFR59             0      0       0      60        0.0%
SFR59                0      0       0      60        0.0%
BITSFR60             0      0       0      61        0.0%
SFR60                0      0       0      61        0.0%
BITSFR61             0      0       0      62        0.0%
SFR61                0      0       0      62        0.0%
BITSFR62             0      0       0      63        0.0%
SFR62                0      0       0      63        0.0%
BITSFR63             0      0       0      64        0.0%
SFR63                0      0       0      64        0.0%


Microchip Technology PIC Macro Assembler V2.32 build 20210201212658 
Symbol Table                                                                                   Sat Jul 24 09:29:56 2021

                             l31 07FC                               l70 07D9                               l80 07C5  
                             l73 07CF                               l81 07C5                               l67 07E3  
                            l611 07E7                              l621 07F6                              l613 07E9  
                            l631 07D3                              l623 07F8                              l615 07EB  
                            l633 07D4                              l625 07FA                              l617 07EE  
                            l609 07E4                              l641 07DD                              l635 07D7  
                            l619 07F4                              l627 07C8                              l643 07E0  
                            l637 07D8                              l629 07D0                              l645 07C2  
                            l639 07DA          __size_of_PMD_Initialize 0008                             _LATA 0018  
                           _LATC 001A                             _PMD0 0796                             _PMD1 0797  
                           _PMD2 0798                             _PMD3 0799                             _PMD4 079A  
                           _PMD5 079B                             _WPUA 1F39                             _WPUC 1F4F  
                           _main 07C2                             btemp 007E                             start 0002  
 __size_of_OSCILLATOR_Initialize 000A    __end_of_OSCILLATOR_Initialize 07DA                            ?_main 0000  
                          _OSCEN 0891                            _TRISA 0012                            _TRISC 0014  
                          wtemp0 007E                  __initialization 07FD                     __end_of_main 07C8  
                         ??_main 0000                           _ANSELA 1F38                           _ANSELC 1F4E  
                         _ODCONA 1F3A                           _ODCONC 1F50                           _INLVLA 1F3C  
                         _INLVLC 1F52                           _OSCFRQ 0893                   _PMD_Initialize 07C8  
              _SYSTEM_Initialize 07DA          __end_of__initialization 07FD               ?_SYSTEM_Initialize 0000  
                 __pcstackCOMMON 0000              ??_SYSTEM_Initialize 0000           __end_of_PMD_Initialize 07D0  
      __end_of_SYSTEM_Initialize 07E4                       __pmaintext 07C2                  ?_PMD_Initialize 0000  
                        _OSCCON1 088D                          _OSCCON3 088F                          _OSCSTAT 0890  
                        _OSCTUNE 0892                          _SLRCONA 1F3B                          _SLRCONC 1F51  
                        __ptext1 07DA                          __ptext2 07C8                          __ptext3 07E4  
                        __ptext4 07D0            _OSCILLATOR_Initialize 07D0         ??_PIN_MANAGER_Initialize 0000  
     __size_of_SYSTEM_Initialize 000A             end_of_initialization 07FD           ?_OSCILLATOR_Initialize 0000  
            start_initialization 07FD  __size_of_PIN_MANAGER_Initialize 0019                 ??_PMD_Initialize 0000  
                      ___latbits 0001           _PIN_MANAGER_Initialize 07E4          ??_OSCILLATOR_Initialize 0000  
                  __size_of_main 0006          ?_PIN_MANAGER_Initialize 0000   __end_of_PIN_MANAGER_Initialize 07FD  
